d:\visual studio 2015\sotools\sotools\x64\release\sotools.obj
d:\visual studio 2015\sotools\sotools\x64\release\elfutil.obj
d:\visual studio 2015\sotools\sotools\x64\release\qrc_sotools.obj
d:\visual studio 2015\sotools\sotools\x64\release\elfreader.obj
d:\visual studio 2015\sotools\sotools\x64\release\moc_sotools.obj
d:\visual studio 2015\sotools\sotools\x64\release\main.obj
d:\visual studio 2015\sotools\sotools\x64\release\elfparse.obj
d:\visual studio 2015\sotools\sotools\x64\release\getphdr.obj
d:\visual studio 2015\sotools\x64\release\sotools.exe
d:\visual studio 2015\sotools\sotools\x64\release\sotools.res
d:\visual studio 2015\sotools\sotools\generatedfiles\release\moc_sotools.cpp
d:\visual studio 2015\sotools\sotools\generatedfiles\qrc_sotools.cpp
d:\visual studio 2015\sotools\sotools\generatedfiles\ui_sotools.h
d:\visual studio 2015\sotools\sotools\x64\release\sotools.tlog\cl.command.1.tlog
d:\visual studio 2015\sotools\sotools\x64\release\sotools.tlog\cl.read.1.tlog
d:\visual studio 2015\sotools\sotools\x64\release\sotools.tlog\cl.write.1.tlog
d:\visual studio 2015\sotools\sotools\x64\release\sotools.tlog\link.command.1.tlog
d:\visual studio 2015\sotools\sotools\x64\release\sotools.tlog\link.read.1.tlog
d:\visual studio 2015\sotools\sotools\x64\release\sotools.tlog\link.write.1.tlog
d:\visual studio 2015\sotools\sotools\x64\release\sotools.tlog\rc.command.1.tlog
d:\visual studio 2015\sotools\sotools\x64\release\sotools.tlog\rc.read.1.tlog
d:\visual studio 2015\sotools\sotools\x64\release\sotools.tlog\rc.write.1.tlog
d:\visual studio 2015\sotools\sotools\x64\release\sotools.tlog\sotools.write.1u.tlog
